<?xml version="1.0" encoding="UTF-8"?>
<!-- Generated by org.testng.reporters.JUnitReportReporter -->
<testsuite skipped="0" hostname="SwatiJ-MSD" name="automationtest.Register" tests="1" failures="0" timestamp="2020-05-05T23:25:04 IST" time="3.407" errors="0">
  <testcase name="fillTheFormContent" time="3.407" classname="automationtest.Register"/>
  <system-out/>
</testsuite> <!-- automationtest.Register -->
