<?xml version="1.0" encoding="UTF-8"?>
<!-- Generated by org.testng.reporters.JUnitReportReporter -->
<testsuite skipped="0" hostname="Sayalic-msd" name="TestCases.LoggerTest" tests="1" failures="0" timestamp="19 May 2020 06:31:40 GMT" time="9.824" errors="0">
  <testcase name="traverseWebTable" time="9.824" classname="TestCases.LoggerTest"/>
</testsuite> <!-- TestCases.LoggerTest -->
