<?xml version="1.0" encoding="UTF-8"?>
<!-- Generated by org.testng.reporters.JUnitReportReporter -->
<testsuite skipped="0" hostname="Sayalic-msd" name="TestCases.CollectionsTest" tests="1" failures="0" timestamp="22 May 2020 18:27:54 GMT" time="490.686" errors="0">
  <testcase name="getSortedFirstNames" time="490.686" classname="TestCases.CollectionsTest"/>
</testsuite> <!-- TestCases.CollectionsTest -->
