<?xml version="1.0" encoding="UTF-8"?>
<!-- Generated by org.testng.reporters.JUnitReportReporter -->
<testsuite skipped="0" hostname="Sayalic-msd" name="TestCases.RegisterUserFromExcelData" tests="1" failures="0" timestamp="22 May 2020 18:19:12 GMT" time="33.090" errors="0">
  <testcase name="Execute" time="33.090" classname="TestCases.RegisterUserFromExcelData"/>
</testsuite> <!-- TestCases.RegisterUserFromExcelData -->
