<?xml version="1.0" encoding="UTF-8"?>
<!-- Generated by org.testng.reporters.JUnitReportReporter -->
<testsuite skipped="0" hostname="Sayalic-msd" name="TestCases.DatePickerTest" tests="1" failures="0" timestamp="22 May 2020 18:13:23 GMT" time="15.305" errors="0">
  <testcase name="datepickertest" time="15.305" classname="TestCases.DatePickerTest"/>
</testsuite> <!-- TestCases.DatePickerTest -->
