<?xml version="1.0" encoding="UTF-8"?>
<!-- Generated by org.testng.reporters.JUnitReportReporter -->
<testsuite skipped="0" hostname="SwatiJ-MSD" name="automationtest.LoginPage" tests="1" failures="0" timestamp="2020-05-05T18:53:59 IST" time="3.077" errors="0">
  <testcase name="test" time="3.077" classname="automationtest.LoginPage"/>
  <system-out/>
</testsuite> <!-- automationtest.LoginPage -->
